  [1m[35m (461.8ms)[0m  [1m[35mCREATE TABLE `schema_migrations` (`version` varchar(255) PRIMARY KEY) ENGINE=InnoDB[0m
  [1m[35m (304.7ms)[0m  [1m[35mCREATE TABLE `ar_internal_metadata` (`key` varchar(255) PRIMARY KEY, `value` varchar(255), `created_at` datetime NOT NULL, `updated_at` datetime NOT NULL) ENGINE=InnoDB[0m
  [1m[35m (0.4ms)[0m  [1m[34mSELECT DATABASE() as db[0m
  [1m[35m (0.4ms)[0m  [1m[34mSELECT GET_LOCK('8788926869571990960', 0);[0m
  [1m[36mActiveRecord::SchemaMigration Load (0.7ms)[0m  [1m[34mSELECT `schema_migrations`.* FROM `schema_migrations`[0m
Migrating to CreateGalleries (20170221095431)
  [1m[35m (258.4ms)[0m  [1m[35mCREATE TABLE `galleries` (`id` int AUTO_INCREMENT PRIMARY KEY, `name` varchar(255), `published` tinyint(1), `created_at` datetime NOT NULL, `updated_at` datetime NOT NULL) ENGINE=InnoDB[0m
  [1m[35m (0.3ms)[0m  [1m[35mBEGIN[0m
  [1m[35mSQL (14.5ms)[0m  [1m[32mINSERT INTO `schema_migrations` (`version`) VALUES ('20170221095431')[0m
  [1m[35m (45.8ms)[0m  [1m[35mCOMMIT[0m
  [1m[36mActiveRecord::InternalMetadata Load (0.5ms)[0m  [1m[34mSELECT  `ar_internal_metadata`.* FROM `ar_internal_metadata` WHERE `ar_internal_metadata`.`key` = 'environment' LIMIT 1[0m
  [1m[35m (0.2ms)[0m  [1m[35mBEGIN[0m
  [1m[35mSQL (0.2ms)[0m  [1m[32mINSERT INTO `ar_internal_metadata` (`key`, `value`, `created_at`, `updated_at`) VALUES ('environment', 'development', '2017-02-21 10:02:25', '2017-02-21 10:02:25')[0m
  [1m[35m (42.4ms)[0m  [1m[35mCOMMIT[0m
  [1m[35m (0.5ms)[0m  [1m[34mSELECT RELEASE_LOCK('8788926869571990960')[0m
  [1m[36mActiveRecord::SchemaMigration Load (0.2ms)[0m  [1m[34mSELECT `schema_migrations`.* FROM `schema_migrations`[0m
  [1m[35m (0.2ms)[0m  [1m[35mSHOW CREATE TABLE `galleries`[0m
  [1m[35m (0.3ms)[0m  [1m[35mSHOW TABLE STATUS LIKE 'galleries'[0m
Started GET "/" for 127.0.0.1 at 2017-02-21 14:53:31 +0100
  [1m[36mActiveRecord::SchemaMigration Load (0.4ms)[0m  [1m[34mSELECT `schema_migrations`.* FROM `schema_migrations`[0m
Processing by GalleriesController#index as HTML
  Rendering galleries/index.html.erb within layouts/application
  [1m[36mGallery Load (0.4ms)[0m  [1m[34mSELECT `galleries`.* FROM `galleries`[0m
  Rendered galleries/index.html.erb within layouts/application (108.7ms)
Completed 500 Internal Server Error in 195ms (ActiveRecord: 0.8ms)


  
ActionView::Template::Error (undefined local variable or method `new_gallery_path' for #<#<Class:0x0055acb75cc308>:0x0055acb75bf4a0>
Did you mean?  new_admin_gallery_path):
    26: 
    27: <br>
    28: 
    29: <%= link_to 'New Gallery', new_gallery_path %>
  
app/views/galleries/index.html.erb:29:in `_app_views_galleries_index_html_erb__271704331958680518_47100149525560'
  Rendering /home/satan/.rbenv/versions/2.4.0/lib/ruby/gems/2.4.0/gems/actionpack-5.0.1/lib/action_dispatch/middleware/templates/rescues/template_error.html.erb within rescues/layout
  Rendering /home/satan/.rbenv/versions/2.4.0/lib/ruby/gems/2.4.0/gems/actionpack-5.0.1/lib/action_dispatch/middleware/templates/rescues/_source.html.erb
  Rendered /home/satan/.rbenv/versions/2.4.0/lib/ruby/gems/2.4.0/gems/actionpack-5.0.1/lib/action_dispatch/middleware/templates/rescues/_source.html.erb (3.8ms)
  Rendering /home/satan/.rbenv/versions/2.4.0/lib/ruby/gems/2.4.0/gems/actionpack-5.0.1/lib/action_dispatch/middleware/templates/rescues/_trace.html.erb
  Rendered /home/satan/.rbenv/versions/2.4.0/lib/ruby/gems/2.4.0/gems/actionpack-5.0.1/lib/action_dispatch/middleware/templates/rescues/_trace.html.erb (1.7ms)
  Rendering /home/satan/.rbenv/versions/2.4.0/lib/ruby/gems/2.4.0/gems/actionpack-5.0.1/lib/action_dispatch/middleware/templates/rescues/_request_and_response.html.erb
  Rendered /home/satan/.rbenv/versions/2.4.0/lib/ruby/gems/2.4.0/gems/actionpack-5.0.1/lib/action_dispatch/middleware/templates/rescues/_request_and_response.html.erb (0.6ms)
  Rendered /home/satan/.rbenv/versions/2.4.0/lib/ruby/gems/2.4.0/gems/actionpack-5.0.1/lib/action_dispatch/middleware/templates/rescues/template_error.html.erb within rescues/layout (35.3ms)
Started GET "/" for 127.0.0.1 at 2017-02-21 15:14:43 +0100
Processing by GalleriesController#index as HTML
  Rendering galleries/index.html.erb within layouts/application
  [1m[36mGallery Load (0.2ms)[0m  [1m[34mSELECT `galleries`.* FROM `galleries`[0m
  Rendered galleries/index.html.erb within layouts/application (1.5ms)
Completed 200 OK in 1778ms (Views: 1774.1ms | ActiveRecord: 0.4ms)


